<?xml version="1.0" encoding="UTF-8"?>
<!-- Generated by org.testng.reporters.JUnitReportReporter -->
<testsuite hostname="FORM294" name="org.selenium.test.WoWhead.AppTest" tests="1" failures="0" timestamp="18 Feb 2019 11:08:43 GMT" time="0.002" errors="0">
  <testcase name="testApp" time="0.002" classname="org.selenium.test.WoWhead.AppTest"/>
</testsuite> <!-- org.selenium.test.WoWhead.AppTest -->
