<?xml version="1.0" encoding="UTF-8"?>
<!-- Generated by org.testng.reporters.JUnitReportReporter -->
<testsuite hostname="FORM294" name="org.selenium.test.WoWhead.WowheadTest" tests="1" failures="0" timestamp="18 Feb 2019 10:12:12 GMT" time="26.164" errors="0">
  <testcase name="wowheadRechercheTest" time="26.164" classname="org.selenium.test.WoWhead.WowheadTest"/>
</testsuite> <!-- org.selenium.test.WoWhead.WowheadTest -->
